# JRE version: OpenJDK Runtime Environment Temurin-21.0.10+7 (21.0.10+7) (build 21.0.10+7-LTS)
# Java VM: OpenJDK 64-Bit Server VM Temurin-21.0.10+7 (21.0.10+7-LTS, mixed mode, sharing, tiered, compressed oops, compressed class ptrs, parallel gc, windows-amd64)
GC Precious Log:
 CardTable entry size: 512
 CPUs: 12 total, 12 available
 Memory: 16163M
 Large Page Support: Disabled
 NUMA Support: Disabled
 Compressed Oops: Enabled (32-bit)
 Alignments: Space 512K, Generation 512K, Heap 2M
 Heap Min Capacity: 100M
 Heap Initial Capacity: 100M
 Heap Max Capacity: 2G
 Pre-touch: Disabled
 Parallel Workers: 10
Heap:
 PSYoungGen      total 20992K, used 5697K [0x00000000d5580000, 0x00000000d6d80000, 0x0000000100000000)
  eden space 18432K, 17% used [0x00000000d5580000,0x00000000d5894468,0x00000000d6780000)
  from space 2560K, 99% used [0x00000000d6880000,0x00000000d6afc030,0x00000000d6b00000)
  to   space 2560K, 0% used [0x00000000d6b00000,0x00000000d6b00000,0x00000000d6d80000)
 ParOldGen       total 68608K, used 42913K [0x0000000080000000, 0x0000000084300000, 0x00000000d5580000)
  object space 68608K, 62% used [0x0000000080000000,0x00000000829e86b8,0x0000000084300000)
 Metaspace       used 59950K, committed 61184K, reserved 1114112K
  class space    used 6461K, committed 6976K, reserved 1048576K
GC Heap History (20 events):
Event: 22.680 GC heap before
{Heap before GC invocations=30 (full 2):
 PSYoungGen      total 19456K, used 19447K [0x00000000d5580000, 0x00000000d7280000, 0x0000000100000000)
  eden space 18432K, 100% used [0x00000000d5580000,0x00000000d6780000,0x00000000d6780000)
  from space 1024K, 99% used [0x00000000d6880000,0x00000000d697dcc8,0x00000000d6980000)
  to   space 5632K, 0% used [0x00000000d6d00000,0x00000000d6d00000,0x00000000d7280000)
 ParOldGen       total 68608K, used 41332K [0x0000000080000000, 0x0000000084300000, 0x00000000d5580000)
  object space 68608K, 60% used [0x0000000080000000,0x000000008285d160,0x0000000084300000)
 Metaspace       used 49707K, committed 50880K, reserved 1114112K
  class space    used 5364K, committed 5888K, reserved 1048576K
}
Event: 22.681 GC heap after
{Heap after GC invocations=30 (full 2):
 PSYoungGen      total 19456K, used 1024K [0x00000000d5580000, 0x00000000d6e00000, 0x0000000100000000)
  eden space 18432K, 0% used [0x00000000d5580000,0x00000000d5580000,0x00000000d6780000)
  from space 1024K, 100% used [0x00000000d6d00000,0x00000000d6e00000,0x00000000d6e00000)
  to   space 2560K, 0% used [0x00000000d6900000,0x00000000d6900000,0x00000000d6b80000)
 ParOldGen       total 68608K, used 42004K [0x0000000080000000, 0x0000000084300000, 0x00000000d5580000)
  object space 68608K, 61% used [0x0000000080000000,0x0000000082905170,0x0000000084300000)
 Metaspace       used 49707K, committed 50880K, reserved 1114112K
  class space    used 5364K, committed 5888K, reserved 1048576K
}
Event: 22.811 GC heap before
{Heap before GC invocations=31 (full 2):
 PSYoungGen      total 19456K, used 19456K [0x00000000d5580000, 0x00000000d6e00000, 0x0000000100000000)
  eden space 18432K, 100% used [0x00000000d5580000,0x00000000d6780000,0x00000000d6780000)
  from space 1024K, 100% used [0x00000000d6d00000,0x00000000d6e00000,0x00000000d6e00000)
  to   space 2560K, 0% used [0x00000000d6900000,0x00000000d6900000,0x00000000d6b80000)
 ParOldGen       total 68608K, used 42004K [0x0000000080000000, 0x0000000084300000, 0x00000000d5580000)
  object space 68608K, 61% used [0x0000000080000000,0x0000000082905170,0x0000000084300000)
 Metaspace       used 50932K, committed 52160K, reserved 1114112K
  class space    used 5546K, committed 6080K, reserved 1048576K
}
Event: 22.812 GC heap after
{Heap after GC invocations=31 (full 2):
 PSYoungGen      total 20992K, used 863K [0x00000000d5580000, 0x00000000d6d80000, 0x0000000100000000)
  eden space 18432K, 0% used [0x00000000d5580000,0x00000000d5580000,0x00000000d6780000)
  from space 2560K, 33% used [0x00000000d6900000,0x00000000d69d7e10,0x00000000d6b80000)
  to   space 1536K, 0% used [0x00000000d6c00000,0x00000000d6c00000,0x00000000d6d80000)
 ParOldGen       total 68608K, used 42829K [0x0000000080000000, 0x0000000084300000, 0x00000000d5580000)
  object space 68608K, 62% used [0x0000000080000000,0x00000000829d3488,0x0000000084300000)
 Metaspace       used 50932K, committed 52160K, reserved 1114112K
  class space    used 5546K, committed 6080K, reserved 1048576K
}
Event: 22.965 GC heap before
{Heap before GC invocations=32 (full 2):
 PSYoungGen      total 20992K, used 19295K [0x00000000d5580000, 0x00000000d6d80000, 0x0000000100000000)
  eden space 18432K, 100% used [0x00000000d5580000,0x00000000d6780000,0x00000000d6780000)
  from space 2560K, 33% used [0x00000000d6900000,0x00000000d69d7e10,0x00000000d6b80000)
  to   space 1536K, 0% used [0x00000000d6c00000,0x00000000d6c00000,0x00000000d6d80000)
 ParOldGen       total 68608K, used 42829K [0x0000000080000000, 0x0000000084300000, 0x00000000d5580000)
  object space 68608K, 62% used [0x0000000080000000,0x00000000829d3488,0x0000000084300000)
 Metaspace       used 52375K, committed 53568K, reserved 1114112K
  class space    used 5732K, committed 6272K, reserved 1048576K
}
Event: 22.966 GC heap after
{Heap after GC invocations=32 (full 2):
 PSYoungGen      total 19968K, used 1401K [0x00000000d5580000, 0x00000000d6d80000, 0x0000000100000000)
  eden space 18432K, 0% used [0x00000000d5580000,0x00000000d5580000,0x00000000d6780000)
  from space 1536K, 91% used [0x00000000d6c00000,0x00000000d6d5e5d0,0x00000000d6d80000)
  to   space 1536K, 0% used [0x00000000d6a80000,0x00000000d6a80000,0x00000000d6c00000)
 ParOldGen       total 68608K, used 43256K [0x0000000080000000, 0x0000000084300000, 0x00000000d5580000)
  object space 68608K, 63% used [0x0000000080000000,0x0000000082a3e300,0x0000000084300000)
 Metaspace       used 52375K, committed 53568K, reserved 1114112K
  class space    used 5732K, committed 6272K, reserved 1048576K
}
Event: 23.069 GC heap before
{Heap before GC invocations=33 (full 2):
 PSYoungGen      total 19968K, used 19833K [0x00000000d5580000, 0x00000000d6d80000, 0x0000000100000000)
  eden space 18432K, 100% used [0x00000000d5580000,0x00000000d6780000,0x00000000d6780000)
  from space 1536K, 91% used [0x00000000d6c00000,0x00000000d6d5e5d0,0x00000000d6d80000)
  to   space 1536K, 0% used [0x00000000d6a80000,0x00000000d6a80000,0x00000000d6c00000)
 ParOldGen       total 68608K, used 43256K [0x0000000080000000, 0x0000000084300000, 0x00000000d5580000)
  object space 68608K, 63% used [0x0000000080000000,0x0000000082a3e300,0x0000000084300000)
 Metaspace       used 53775K, committed 54976K, reserved 1114112K
  class space    used 5918K, committed 6464K, reserved 1048576K
}
Event: 23.070 GC heap after
{Heap after GC invocations=33 (full 2):
 PSYoungGen      total 19968K, used 1536K [0x00000000d5580000, 0x00000000d6d80000, 0x0000000100000000)
  eden space 18432K, 0% used [0x00000000d5580000,0x00000000d5580000,0x00000000d6780000)
  from space 1536K, 100% used [0x00000000d6a80000,0x00000000d6c00000,0x00000000d6c00000)
  to   space 1536K, 0% used [0x00000000d6c00000,0x00000000d6c00000,0x00000000d6d80000)
 ParOldGen       total 68608K, used 44148K [0x0000000080000000, 0x0000000084300000, 0x00000000d5580000)
  object space 68608K, 64% used [0x0000000080000000,0x0000000082b1d368,0x0000000084300000)
 Metaspace       used 53775K, committed 54976K, reserved 1114112K
  class space    used 5918K, committed 6464K, reserved 1048576K
}
Event: 23.188 GC heap before
{Heap before GC invocations=34 (full 2):
 PSYoungGen      total 19968K, used 19968K [0x00000000d5580000, 0x00000000d6d80000, 0x0000000100000000)
  eden space 18432K, 100% used [0x00000000d5580000,0x00000000d6780000,0x00000000d6780000)
  from space 1536K, 100% used [0x00000000d6a80000,0x00000000d6c00000,0x00000000d6c00000)
  to   space 1536K, 0% used [0x00000000d6c00000,0x00000000d6c00000,0x00000000d6d80000)
 ParOldGen       total 68608K, used 44148K [0x0000000080000000, 0x0000000084300000, 0x00000000d5580000)
  object space 68608K, 64% used [0x0000000080000000,0x0000000082b1d368,0x0000000084300000)
 Metaspace       used 54955K, committed 56128K, reserved 1114112K
  class space    used 6014K, committed 6528K, reserved 1048576K
}
Event: 23.190 GC heap after
{Heap after GC invocations=34 (full 2):
 PSYoungGen      total 19968K, used 1529K [0x00000000d5580000, 0x00000000d6e80000, 0x0000000100000000)
  eden space 18432K, 0% used [0x00000000d5580000,0x00000000d5580000,0x00000000d6780000)
  from space 1536K, 99% used [0x00000000d6c00000,0x00000000d6d7e640,0x00000000d6d80000)
  to   space 3584K, 0% used [0x00000000d6780000,0x00000000d6780000,0x00000000d6b00000)
 ParOldGen       total 68608K, used 45856K [0x0000000080000000, 0x0000000084300000, 0x00000000d5580000)
  object space 68608K, 66% used [0x0000000080000000,0x0000000082cc80b0,0x0000000084300000)
 Metaspace       used 54955K, committed 56128K, reserved 1114112K
  class space    used 6014K, committed 6528K, reserved 1048576K
}
Event: 23.260 GC heap before
{Heap before GC invocations=35 (full 2):
 PSYoungGen      total 19968K, used 19941K [0x00000000d5580000, 0x00000000d6e80000, 0x0000000100000000)
  eden space 18432K, 99% used [0x00000000d5580000,0x00000000d677aed0,0x00000000d6780000)
  from space 1536K, 99% used [0x00000000d6c00000,0x00000000d6d7e640,0x00000000d6d80000)
  to   space 3584K, 0% used [0x00000000d6780000,0x00000000d6780000,0x00000000d6b00000)
 ParOldGen       total 68608K, used 45856K [0x0000000080000000, 0x0000000084300000, 0x00000000d5580000)
  object space 68608K, 66% used [0x0000000080000000,0x0000000082cc80b0,0x0000000084300000)
 Metaspace       used 55325K, committed 56512K, reserved 1114112K
  class space    used 6059K, committed 6592K, reserved 1048576K
}
Event: 23.263 GC heap after
{Heap after GC invocations=35 (full 2):
 PSYoungGen      total 19968K, used 1039K [0x00000000d5580000, 0x00000000d6c80000, 0x0000000100000000)
  eden space 18432K, 0% used [0x00000000d5580000,0x00000000d5580000,0x00000000d6780000)
  from space 1536K, 67% used [0x00000000d6780000,0x00000000d6883fc8,0x00000000d6900000)
  to   space 2048K, 0% used [0x00000000d6a80000,0x00000000d6a80000,0x00000000d6c80000)
 ParOldGen       total 68608K, used 46894K [0x0000000080000000, 0x0000000084300000, 0x00000000d5580000)
  object space 68608K, 68% used [0x0000000080000000,0x0000000082dcb8c8,0x0000000084300000)
 Metaspace       used 55325K, committed 56512K, reserved 1114112K
  class space    used 6059K, committed 6592K, reserved 1048576K
}
Event: 23.413 GC heap before
{Heap before GC invocations=36 (full 2):
 PSYoungGen      total 19968K, used 19471K [0x00000000d5580000, 0x00000000d6c80000, 0x0000000100000000)
  eden space 18432K, 100% used [0x00000000d5580000,0x00000000d6780000,0x00000000d6780000)
  from space 1536K, 67% used [0x00000000d6780000,0x00000000d6883fc8,0x00000000d6900000)
  to   space 2048K, 0% used [0x00000000d6a80000,0x00000000d6a80000,0x00000000d6c80000)
 ParOldGen       total 68608K, used 46894K [0x0000000080000000, 0x0000000084300000, 0x00000000d5580000)
  object space 68608K, 68% used [0x0000000080000000,0x0000000082dcb8c8,0x0000000084300000)
 Metaspace       used 57073K, committed 58240K, reserved 1114112K
  class space    used 6203K, committed 6720K, reserved 1048576K
}
Event: 23.415 GC heap after
{Heap after GC invocations=36 (full 2):
 PSYoungGen      total 19456K, used 640K [0x00000000d5580000, 0x00000000d6b80000, 0x0000000100000000)
  eden space 18432K, 0% used [0x00000000d5580000,0x00000000d5580000,0x00000000d6780000)
  from space 1024K, 62% used [0x00000000d6a80000,0x00000000d6b20000,0x00000000d6b80000)
  to   space 1024K, 0% used [0x00000000d6980000,0x00000000d6980000,0x00000000d6a80000)
 ParOldGen       total 68608K, used 47452K [0x0000000080000000, 0x0000000084300000, 0x00000000d5580000)
  object space 68608K, 69% used [0x0000000080000000,0x0000000082e572d0,0x0000000084300000)
 Metaspace       used 57073K, committed 58240K, reserved 1114112K
  class space    used 6203K, committed 6720K, reserved 1048576K
}
Event: 23.791 GC heap before
{Heap before GC invocations=37 (full 2):
 PSYoungGen      total 19456K, used 18231K [0x00000000d5580000, 0x00000000d6b80000, 0x0000000100000000)
  eden space 18432K, 95% used [0x00000000d5580000,0x00000000d66adcd0,0x00000000d6780000)
  from space 1024K, 62% used [0x00000000d6a80000,0x00000000d6b20000,0x00000000d6b80000)
  to   space 1024K, 0% used [0x00000000d6980000,0x00000000d6980000,0x00000000d6a80000)
 ParOldGen       total 68608K, used 47452K [0x0000000080000000, 0x0000000084300000, 0x00000000d5580000)
  object space 68608K, 69% used [0x0000000080000000,0x0000000082e572d0,0x0000000084300000)
 Metaspace       used 58548K, committed 59776K, reserved 1114112K
  class space    used 6367K, committed 6912K, reserved 1048576K
}
Event: 23.793 GC heap after
{Heap after GC invocations=37 (full 2):
 PSYoungGen      total 19456K, used 1008K [0x00000000d5580000, 0x00000000d6e80000, 0x0000000100000000)
  eden space 18432K, 0% used [0x00000000d5580000,0x00000000d5580000,0x00000000d6780000)
  from space 1024K, 98% used [0x00000000d6980000,0x00000000d6a7c1e0,0x00000000d6a80000)
  to   space 3584K, 0% used [0x00000000d6b00000,0x00000000d6b00000,0x00000000d6e80000)
 ParOldGen       total 68608K, used 49464K [0x0000000080000000, 0x0000000084300000, 0x00000000d5580000)
  object space 68608K, 72% used [0x0000000080000000,0x000000008304e088,0x0000000084300000)
 Metaspace       used 58548K, committed 59776K, reserved 1114112K
  class space    used 6367K, committed 6912K, reserved 1048576K
}
Event: 23.793 GC heap before
{Heap before GC invocations=38 (full 3):
 PSYoungGen      total 19456K, used 1008K [0x00000000d5580000, 0x00000000d6e80000, 0x0000000100000000)
  eden space 18432K, 0% used [0x00000000d5580000,0x00000000d5580000,0x00000000d6780000)
  from space 1024K, 98% used [0x00000000d6980000,0x00000000d6a7c1e0,0x00000000d6a80000)
  to   space 3584K, 0% used [0x00000000d6b00000,0x00000000d6b00000,0x00000000d6e80000)
 ParOldGen       total 68608K, used 49464K [0x0000000080000000, 0x0000000084300000, 0x00000000d5580000)
  object space 68608K, 72% used [0x0000000080000000,0x000000008304e088,0x0000000084300000)
 Metaspace       used 58548K, committed 59776K, reserved 1114112K
  class space    used 6367K, committed 6912K, reserved 1048576K
}
Event: 23.844 GC heap after
{Heap after GC invocations=38 (full 3):
 PSYoungGen      total 19456K, used 0K [0x00000000d5580000, 0x00000000d6e80000, 0x0000000100000000)
  eden space 18432K, 0% used [0x00000000d5580000,0x00000000d5580000,0x00000000d6780000)
  from space 1024K, 0% used [0x00000000d6980000,0x00000000d6980000,0x00000000d6a80000)
  to   space 3584K, 0% used [0x00000000d6b00000,0x00000000d6b00000,0x00000000d6e80000)
 ParOldGen       total 68608K, used 41448K [0x0000000080000000, 0x0000000084300000, 0x00000000d5580000)
  object space 68608K, 60% used [0x0000000080000000,0x000000008287a300,0x0000000084300000)
 Metaspace       used 58548K, committed 59776K, reserved 1114112K
  class space    used 6367K, committed 6912K, reserved 1048576K
}
Event: 24.325 GC heap before
{Heap before GC invocations=39 (full 3):
 PSYoungGen      total 19456K, used 18431K [0x00000000d5580000, 0x00000000d6e80000, 0x0000000100000000)
  eden space 18432K, 99% used [0x00000000d5580000,0x00000000d677fff8,0x00000000d6780000)
  from space 1024K, 0% used [0x00000000d6980000,0x00000000d6980000,0x00000000d6a80000)
  to   space 3584K, 0% used [0x00000000d6b00000,0x00000000d6b00000,0x00000000d6e80000)
 ParOldGen       total 68608K, used 41448K [0x0000000080000000, 0x0000000084300000, 0x00000000d5580000)
  object space 68608K, 60% used [0x0000000080000000,0x000000008287a300,0x0000000084300000)
 Metaspace       used 59361K, committed 60544K, reserved 1114112K
  class space    used 6428K, committed 6912K, reserved 1048576K
}
Event: 24.326 GC heap after
{Heap after GC invocations=39 (full 3):
 PSYoungGen      total 20992K, used 2199K [0x00000000d5580000, 0x00000000d6d80000, 0x0000000100000000)
  eden space 18432K, 0% used [0x00000000d5580000,0x00000000d5580000,0x00000000d6780000)
  from space 2560K, 85% used [0x00000000d6b00000,0x00000000d6d25d68,0x00000000d6d80000)
  to   space 2560K, 0% used [0x00000000d6880000,0x00000000d6880000,0x00000000d6b00000)
 ParOldGen       total 68608K, used 41456K [0x0000000080000000, 0x0000000084300000, 0x00000000d5580000)
  object space 68608K, 60% used [0x0000000080000000,0x000000008287c300,0x0000000084300000)
 Metaspace       used 59361K, committed 60544K, reserved 1114112K
  class space    used 6428K, committed 6912K, reserved 1048576K
}

